<?xml version="1.0" encoding="UTF-8" ?>
<testsuite tests="31" failures="0" name="com.mahmoud.neededtestassignment.sales.SalesTransactionTest" time="0.067" errors="0" skipped="0">
  <properties>
[...]
</properties>
  <testcase classname="com.mahmoud.neededtestassignment.sales.SalesTransactionTest" name="testSetSalesPersonIdOneGood" time="0.007"/>
  <testcase classname="com.mahmoud.neededtestassignment.sales.SalesTransactionTest" name="testGetTransactionId" time="0"/>
  <testcase classname="com.mahmoud.neededtestassignment.sales.SalesTransactionTest" name="testGetQuantitySold" time="0"/>
  <testcase classname="com.mahmoud.neededtestassignment.sales.SalesTransactionTest" name="testSetUnitPriceArbitraryGood" time="0.004"/>
  <testcase classname="com.mahmoud.neededtestassignment.sales.SalesTransactionTest" name="testSetSalesDateTimeTodayGood" time="0.002"/>
  <testcase classname="com.mahmoud.neededtestassignment.sales.SalesTransactionTest" name="testToString" time="0.043"/>
  <testcase classname="com.mahmoud.neededtestassignment.sales.SalesTransactionTest" name="testSetTransactionIdZeroGood" time="0"/>
  <testcase classname="com.mahmoud.neededtestassignment.sales.SalesTransactionTest" name="testSetSalesPersonIdBadZero" time="0.002"/>
  <testcase classname="com.mahmoud.neededtestassignment.sales.SalesTransactionTest" name="testSetQuantitySoldArbitraryGood" time="0"/>
  <testcase classname="com.mahmoud.neededtestassignment.sales.SalesTransactionTest" name="testSetSalesDateTimeTomorrowBad" time="0"/>
  <testcase classname="com.mahmoud.neededtestassignment.sales.SalesTransactionTest" name="testSetSalesPersonIdArbitraryGood" time="0.001"/>
  <testcase classname="com.mahmoud.neededtestassignment.sales.SalesTransactionTest" name="testCompareToOtherDateEarlier" time="0"/>
  <testcase classname="com.mahmoud.neededtestassignment.sales.SalesTransactionTest" name="testSetUnitPriceZeroGood" time="0.001"/>
  <testcase classname="com.mahmoud.neededtestassignment.sales.SalesTransactionTest" name="testSetItemIdOneGood" time="0"/>
  <testcase classname="com.mahmoud.neededtestassignment.sales.SalesTransactionTest" name="testCompareToFirstDateEarlier" time="0"/>
  <testcase classname="com.mahmoud.neededtestassignment.sales.SalesTransactionTest" name="testSetUnitPriceOneDecimalGood" time="0.001"/>
  <testcase classname="com.mahmoud.neededtestassignment.sales.SalesTransactionTest" name="testGetUnitPrice" time="0"/>
  <testcase classname="com.mahmoud.neededtestassignment.sales.SalesTransactionTest" name="testSetSalesDateTimeMinus31DaysBad" time="0.001"/>
  <testcase classname="com.mahmoud.neededtestassignment.sales.SalesTransactionTest" name="testSetQuantitySoldOneGood" time="0"/>
  <testcase classname="com.mahmoud.neededtestassignment.sales.SalesTransactionTest" name="testSetItemIdArbitraryGood" time="0"/>
  <testcase classname="com.mahmoud.neededtestassignment.sales.SalesTransactionTest" name="testGetItemId" time="0.001"/>
  <testcase classname="com.mahmoud.neededtestassignment.sales.SalesTransactionTest" name="testSetItemIdZeroBad" time="0"/>
  <testcase classname="com.mahmoud.neededtestassignment.sales.SalesTransactionTest" name="testSetTransactionIdNegativeBad" time="0.001"/>
  <testcase classname="com.mahmoud.neededtestassignment.sales.SalesTransactionTest" name="testGetTransactionDateTime" time="0"/>
  <testcase classname="com.mahmoud.neededtestassignment.sales.SalesTransactionTest" name="testSetSalesDateTimeMinus30DaysGood" time="0"/>
  <testcase classname="com.mahmoud.neededtestassignment.sales.SalesTransactionTest" name="testSetUnitPriceThreeDecimalsGood" time="0.001"/>
  <testcase classname="com.mahmoud.neededtestassignment.sales.SalesTransactionTest" name="testCompareToBothDatesEqual" time="0.001"/>
  <testcase classname="com.mahmoud.neededtestassignment.sales.SalesTransactionTest" name="testSetUnitPriceNegativeBad" time="0"/>
  <testcase classname="com.mahmoud.neededtestassignment.sales.SalesTransactionTest" name="testSetQuantitySoldZeroBad" time="0"/>
  <testcase classname="com.mahmoud.neededtestassignment.sales.SalesTransactionTest" name="testSetTransactionIdArbitraryGood" time="0"/>
  <testcase classname="com.mahmoud.neededtestassignment.sales.SalesTransactionTest" name="testGetSalesPersonId" time="0.001"/>
</testsuite>